<?xml version="1.0" encoding="UTF-8"?>
<testsuite name="JUnit Jupiter" tests="2" skipped="0" failures="0" errors="0" time="6.169" hostname="ZHA-ITA068-W10" timestamp="2019-07-23T13:08:18">
<properties>
[...]
</properties>
<testcase name="should_return_is_ok_when_post_todolistEntity_to_save()" classname="com.zml.ToListTest" time="0.361">
<system-out><![CDATA[
unique-id: [engine:junit-jupiter]/[class:com.zml.ToListTest]/[method:should_return_is_ok_when_post_todolistEntity_to_save()]
display-name: should_return_is_ok_when_post_todolistEntity_to_save()
]]></system-out>
</testcase>
<testcase name="should_return_all_tolist_when_get_to_all()" classname="com.zml.ToListTest" time="0.022">
<system-out><![CDATA[
unique-id: [engine:junit-jupiter]/[class:com.zml.ToListTest]/[method:should_return_all_tolist_when_get_to_all()]
display-name: should_return_all_tolist_when_get_to_all()
]]></system-out>
</testcase>
<system-out><![CDATA[
unique-id: [engine:junit-jupiter]
display-name: JUnit Jupiter
]]></system-out>
</testsuite>
